d:\code\kerui\second\qt\pc_remote\win32\debug\main.obj
d:\code\kerui\second\qt\pc_remote\win32\debug\moc_pr_m_wnd.obj
d:\code\kerui\second\qt\pc_remote\win32\debug\pr_m_wnd.obj
d:\code\kerui\second\qt\pc_remote\win32\debug\moc_q_cmd.obj
d:\code\kerui\second\qt\pc_remote\debug\moc_predefs.h
d:\code\kerui\second\qt\pc_remote\generatedfiles\debug\moc_pr_m_wnd.cpp
d:\code\kerui\second\qt\pc_remote\generatedfiles\debug\moc_q_cmd.cpp
d:\code\kerui\second\qt\pc_remote\generatedfiles\ui_pr_m_wnd.h
d:\code\kerui\second\qt\pc_remote\.\generatedfiles\debug\moc_pr_m_wnd.cpp
d:\code\kerui\second\qt\pc_remote\.\generatedfiles\debug\moc_q_cmd.cpp
d:\code\kerui\second\qt\pc_remote\.\generatedfiles\ui_pr_m_wnd.h
d:\code\kerui\second\qt\pc_remote\win32\debug\vc140.pdb
d:\code\kerui\second\qt\pc_remote\win32\debug\pc_remote.tlog\cl.command.1.tlog
d:\code\kerui\second\qt\pc_remote\win32\debug\pc_remote.tlog\cl.read.1.tlog
d:\code\kerui\second\qt\pc_remote\win32\debug\pc_remote.tlog\cl.write.1.tlog
d:\code\kerui\second\qt\pc_remote\win32\debug\pc_remote.tlog\custombuild.command.1.tlog
d:\code\kerui\second\qt\pc_remote\win32\debug\pc_remote.tlog\custombuild.read.1.tlog
d:\code\kerui\second\qt\pc_remote\win32\debug\pc_remote.tlog\custombuild.write.1.tlog
d:\code\kerui\second\qt\pc_remote\win32\debug\pc_remote.tlog\pc_remote.write.1u.tlog
d:\code\kerui\second\qt\pc_remote\win32\debug\pc_remote.tlog\qtmoc.read.1u.tlog
d:\code\kerui\second\qt\pc_remote\win32\debug\pc_remote.tlog\qtmoc.write.1u.tlog
d:\code\kerui\second\qt\pc_remote\win32\debug\pc_remote.tlog\qtuic.read.1u.tlog
d:\code\kerui\second\qt\pc_remote\win32\debug\pc_remote.tlog\qtuic.write.1u.tlog
